<?xml version="1.0" encoding="UTF-8"?>
<!-- Generated by org.testng.reporters.JUnitReportReporter -->
<testsuite hostname="suba-pc" failures="0" tests="4" name="com.Orange.HrmTest.IndexPageTest" time="35.628" errors="0" timestamp="2023-05-30T14:45:42 EDT" skipped="0">
  <testcase classname="com.Orange.HrmTest.IndexPageTest" name="orangeHrm_Logo" time="9.106"/>
  <system-out/>
  <testcase classname="com.Orange.HrmTest.IndexPageTest" name="adminTabClick" time="11.512"/>
  <system-out/>
  <testcase classname="com.Orange.HrmTest.IndexPageTest" name="titleCheck" time="7.224"/>
  <system-out/>
  <testcase classname="com.Orange.HrmTest.IndexPageTest" name="urlCheck" time="7.786"/>
  <system-out/>
</testsuite> <!-- com.Orange.HrmTest.IndexPageTest -->
