<?xml version="1.0" encoding="UTF-8"?>
<!-- Generated by org.testng.reporters.JUnitReportReporter -->
<testsuite hostname="suba-pc" failures="0" tests="2" name="com.Orange.HrmTest.ContactDetailsPageTest" time="36.960" errors="0" timestamp="2023-05-30T14:45:42 EDT" skipped="0">
  <testcase classname="com.Orange.HrmTest.ContactDetailsPageTest" name="contact_Entry" time="32.866"/>
  <system-out/>
  <testcase classname="com.Orange.HrmTest.ContactDetailsPageTest" name="pop_up" time="4.094"/>
  <system-out/>
</testsuite> <!-- com.Orange.HrmTest.ContactDetailsPageTest -->
