<?xml version="1.0" encoding="UTF-8"?>
<!-- Generated by org.testng.reporters.JUnitReportReporter -->
<testsuite hostname="suba-pc" failures="0" tests="1" name="com.Orange.HrmTest.LoginPageTest" time="7.624" errors="0" timestamp="2023-05-30T14:45:42 EDT" skipped="0">
  <testcase classname="com.Orange.HrmTest.LoginPageTest" name="loginTest" time="7.624"/>
  <system-out/>
</testsuite> <!-- com.Orange.HrmTest.LoginPageTest -->
