<?xml version="1.0" encoding="UTF-8"?>
<!-- Generated by org.testng.reporters.JUnitReportReporter -->
<testsuite hostname="suba-pc" failures="0" tests="2" name="com.Orange.HrmTest.MyInfoPageTest" time="14.136" errors="0" timestamp="2023-05-30T14:45:43 EDT" skipped="0">
  <testcase classname="com.Orange.HrmTest.MyInfoPageTest" name="myInfoTest" time="6.547"/>
  <system-out/>
  <testcase classname="com.Orange.HrmTest.MyInfoPageTest" name="contactDetailsClick" time="7.589"/>
  <system-out/>
</testsuite> <!-- com.Orange.HrmTest.MyInfoPageTest -->
